2025-08-05T10:08:10.191+08:00  INFO 5551 --- [nimban-backend] [main] c.e.n.service.CustomerServiceTest        : Starting CustomerServiceTest using Java 17.0.15 with PID 5551 (started by leonicus in /home/leonicus/practice/nimban-backend)
2025-08-05T10:08:10.202+08:00  INFO 5551 --- [nimban-backend] [main] c.e.n.service.CustomerServiceTest        : No active profile set, falling back to 1 default profile: "default"
2025-08-05T10:08:11.101+08:00  INFO 5551 --- [nimban-backend] [main] .s.d.r.c.RepositoryConfigurationDelegate : Bootstrapping Spring Data JPA repositories in DEFAULT mode.
2025-08-05T10:08:11.212+08:00  INFO 5551 --- [nimban-backend] [main] .s.d.r.c.RepositoryConfigurationDelegate : Finished Spring Data repository scanning in 97 ms. Found 4 JPA repository interfaces.
2025-08-05T10:08:11.804+08:00  INFO 5551 --- [nimban-backend] [main] o.hibernate.jpa.internal.util.LogHelper  : HHH000204: Processing PersistenceUnitInfo [name: default]
2025-08-05T10:08:11.876+08:00  INFO 5551 --- [nimban-backend] [main] org.hibernate.Version                    : HHH000412: Hibernate ORM core version 6.6.18.Final
2025-08-05T10:08:11.937+08:00  INFO 5551 --- [nimban-backend] [main] o.h.c.internal.RegionFactoryInitiator    : HHH000026: Second-level cache disabled
2025-08-05T10:08:12.386+08:00  INFO 5551 --- [nimban-backend] [main] o.s.o.j.p.SpringPersistenceUnitInfo      : No LoadTimeWeaver setup: ignoring JPA class transformer
2025-08-05T10:08:12.414+08:00  INFO 5551 --- [nimban-backend] [main] com.zaxxer.hikari.HikariDataSource       : HikariPool-1 - Starting...
2025-08-05T10:08:12.778+08:00  INFO 5551 --- [nimban-backend] [main] com.zaxxer.hikari.pool.HikariPool        : HikariPool-1 - Added connection org.postgresql.jdbc.PgConnection@40b31a16
2025-08-05T10:08:12.781+08:00  INFO 5551 --- [nimban-backend] [main] com.zaxxer.hikari.HikariDataSource       : HikariPool-1 - Start completed.
2025-08-05T10:08:12.843+08:00  WARN 5551 --- [nimban-backend] [main] org.hibernate.orm.deprecation            : HHH90000025: PostgreSQLDialect does not need to be specified explicitly using 'hibernate.dialect' (remove the property setting and it will be selected by default)
2025-08-05T10:08:12.878+08:00  INFO 5551 --- [nimban-backend] [main] org.hibernate.orm.connections.pooling    : HHH10001005: Database info:
	Database JDBC URL [Connecting through datasource 'HikariDataSource (HikariPool-1)']
	Database driver: undefined/unknown
	Database version: 14.18
	Autocommit mode: undefined/unknown
	Isolation level: undefined/unknown
	Minimum pool size: undefined/unknown
	Maximum pool size: undefined/unknown
2025-08-05T10:08:14.030+08:00  INFO 5551 --- [nimban-backend] [main] o.h.e.t.j.p.i.JtaPlatformInitiator       : HHH000489: No JTA platform available (set 'hibernate.transaction.jta.platform' to enable JTA platform integration)
2025-08-05T10:08:14.223+08:00  INFO 5551 --- [nimban-backend] [main] j.LocalContainerEntityManagerFactoryBean : Initialized JPA EntityManagerFactory for persistence unit 'default'
2025-08-05T10:08:15.211+08:00  WARN 5551 --- [nimban-backend] [main] JpaBaseConfiguration$JpaWebConfiguration : spring.jpa.open-in-view is enabled by default. Therefore, database queries may be performed during view rendering. Explicitly configure spring.jpa.open-in-view to disable this warning
2025-08-05T10:08:15.700+08:00  INFO 5551 --- [nimban-backend] [main] c.e.n.service.CustomerServiceTest        : Started CustomerServiceTest in 5.975 seconds (process running for 7.185)
2025-08-05T10:08:17.526+08:00  INFO 5551 --- [nimban-backend] [SpringApplicationShutdownHook] j.LocalContainerEntityManagerFactoryBean : Closing JPA EntityManagerFactory for persistence unit 'default'
2025-08-05T10:08:17.535+08:00  INFO 5551 --- [nimban-backend] [SpringApplicationShutdownHook] com.zaxxer.hikari.HikariDataSource       : HikariPool-1 - Shutdown initiated...
2025-08-05T10:08:17.557+08:00  INFO 5551 --- [nimban-backend] [SpringApplicationShutdownHook] com.zaxxer.hikari.HikariDataSource       : HikariPool-1 - Shutdown completed.
